6F0CB7CD-11C8-4299-B990-85B76457C68B
E1FE825C-7DA6-4D27-96FF-277CAC6B55CE
2AFE1712-0FB8-4E0A-9785-5A35E68CA243
FC311B73-743A-484B-8ADB-84D1ED606243
2AFE1712-0FB8-4E0A-9785-5A35E68CA243
2AFE1712-0FB8-4E0A-9785-5A35E68CA243
E1FE825C-7DA6-4D27-96FF-277CAC6B55CE
70E544B6-31BD-48D5-A1E5-E23B1C7302B9
9E17129B-2EDC-43B8-B94A-E81594D982B9
E1FE825C-7DA6-4D27-96FF-277CAC6B55CE
E1FE825C-7DA6-4D27-96FF-277CAC6B55CE
16263869-74AA-4F6D-B1B4-F872CA5E22B9
63B575DB-FD33-4175-8E99-B57FB74A02B9
E6FF4B5D-4077-45D5-9A21-71EFCC6492B9
E1FE825C-7DA6-4D27-96FF-277CAC6B55CE
E1FE825C-7DA6-4D27-96FF-277CAC6B55CE
E1FE825C-7DA6-4D27-96FF-277CAC6B55CE
391E7205-5AF6-47F4-9F0C-B22E7FE4B2B9
E1FE825C-7DA6-4D27-96FF-277CAC6B55CE
7E0CC47E-2F84-425E-ADD2-E140994D62B9
65FEDE4B-A156-48F4-9149-E2D2D05582B9
0AEC8543-C902-4B49-AF4E-9CB9E96D82B9
54E760D2-5279-4A43-94D1-6F2AB6DB22B9
838EDBC7-716D-4C00-9277-EFC2796E92B9
E1FE825C-7DA6-4D27-96FF-277CAC6B55CE
CC822DE3-EC24-4BBB-9AE6-04A3EEF702B9
E1FE825C-7DA6-4D27-96FF-277CAC6B55CE
589F2222-031C-4A74-AC9B-A95CAC3BF2B9
F1812C3B-1913-4AAB-AB6F-70FFF0D622B9
589F2222-031C-4A74-AC9B-A95CAC3BF2B9
BB7EF50A-F773-4333-9D9C-AE32C4DF52B9
589F2222-031C-4A74-AC9B-A95CAC3BF2B9
E1FE825C-7DA6-4D27-96FF-277CAC6B55CE
589F2222-031C-4A74-AC9B-A95CAC3BF2B9
F6099C85-4996-4CD0-A5E5-D0E3451352B9
5B6F2849-DE48-45C7-91F4-47F952BA42B9
207D1EB0-9B79-4455-965A-95A7E9D3F2B9
AADEABBE-14B8-457B-993A-059DEF6092B9
E1FE825C-7DA6-4D27-96FF-277CAC6B55CE
1B514741-4AC5-426F-AC72-29FBDA2DE2B9
A3CC6F8C-9983-49D0-B9F7-F77DB5F4A2B9
A603EFC4-7957-4951-9B41-F2D0E3B362B9
14581219-6EEF-4E5C-A1D4-EBBC6424E2B9
CEFF30F8-7D01-476E-81B5-2E8425B1E2B9
29CB9BCD-596E-4111-95A1-8FD1DD6FF2B9
4AE53480-1D7E-451D-8CBE-57B0A15A22B9
E1FE825C-7DA6-4D27-96FF-277CAC6B55CE
433E4AB6-F578-4553-B705-E450A5CD42B9
FEC2E4E5-73DE-40EA-A86A-01287D3CD2B9
0CD857A5-460A-4DCC-BC04-D4A4DE9302B9
AF8E5FD0-ACA8-422D-BB83-C3AE480932B9
C2BBF3FB-5C69-49E0-B9DA-35FED5C3C2B9
E1FE825C-7DA6-4D27-96FF-277CAC6B55CE
589F2222-031C-4A74-AC9B-A95CAC3BF2B9
E1FE825C-7DA6-4D27-96FF-277CAC6B55CE
589F2222-031C-4A74-AC9B-A95CAC3BF2B9
D1FB99D8-F29B-43CB-B751-9E2438EF82B9
AC8E85EB-2F34-4225-9C13-5BEA7C4412B9
737758B4-8385-409E-939E-6B74CDBBF2B9
4BFD64B4-7049-4F8C-AE28-54066392B2B9
BC58E703-3D4E-49DE-8AC4-123C6A1B82B9
7FE8FF70-F824-414E-AA81-C041B6EDB2B9
2435D242-AE60-4DDC-A8FF-596B49FA12B9
E1FE825C-7DA6-4D27-96FF-277CAC6B55CE
992029C0-B6FA-4D7E-AEB1-8FA5B52D62B9
59121807-EC55-41D5-A37C-AB692969C2B9
16106719-087E-4762-AF6A-7D3F51AD82B9
516EA87D-B1E4-4FFC-AE62-AA64CE8E52B9
703F4F26-B7AA-4001-9EE7-2BF39E3402B9
EC73A7BD-024C-4E1C-95D4-17CF979292B9
E1FE825C-7DA6-4D27-96FF-277CAC6B55CE
E2FBE1C3-5F1B-4D93-867C-B868D8E682B9
9CA4CFE9-1567-4AA9-9B8A-AF17BF6AA2B9
5584FC6E-04FB-41CC-BA49-5B7E31E152B9
A042EB3E-2022-4AB2-8B3E-C6FF283B62B9
74E8BEAF-0279-4030-A309-8610512E32B9
333EF6FC-8F58-4446-A2CF-195A418462B9
CA096647-38BB-4E9A-88C1-F425EC5492B9
E1FE825C-7DA6-4D27-96FF-277CAC6B55CE
FE48C410-3423-4CBD-A792-B03E6CCA62B9
971CF596-D3F6-4222-9E1E-582D45C0E2B9
49F7C157-7BF2-47CC-83A3-E4130DFC22B9
1A4E9B90-C05D-4C1A-96B4-BA0CBDEBE2B9
C4357D6A-72D0-4E9E-A723-67B73D6472B9
426E818A-32C8-426B-8ED3-03710C68A2B9
E1FE825C-7DA6-4D27-96FF-277CAC6B55CE
B2CA0A6C-A1AF-4762-95BD-1EB7EFE132B9
61AD03B9-274F-4FAE-9506-E024FFB4A2B9
8B8F2E9E-01FA-4091-BE69-8DB5D43032B9
44CE37E8-B11D-4A2D-A081-41E1A94122B9
D8DD8B94-5FA1-4F4B-B4A5-0E634F6372B9
1619CF32-CDF7-4745-B61E-FBA050B782B9
CD22142E-C5DF-4D39-A019-382821A032B9
59121807-EC55-41D5-A37C-AB692969C2B9
E1FE825C-7DA6-4D27-96FF-277CAC6B55CE
AA69D89B-1752-44A1-A59A-7DAC7525E2B9
E1FE825C-7DA6-4D27-96FF-277CAC6B55CE
59121807-EC55-41D5-A37C-AB692969C2B9
E1FE825C-7DA6-4D27-96FF-277CAC6B55CE
C48F0412-5B0F-4A19-9739-D7A57104A2B9
C73DC79A-B993-49EC-B5A8-9B51C40162B9
EA735E32-1BCD-4235-9A31-272279D642B9
59121807-EC55-41D5-A37C-AB692969C2B9
59121807-EC55-41D5-A37C-AB692969C2B9
E1FE825C-7DA6-4D27-96FF-277CAC6B55CE
E1FE825C-7DA6-4D27-96FF-277CAC6B55CE
E1FE825C-7DA6-4D27-96FF-277CAC6B55CE
3B7E223B-C235-4531-97CC-4DEDEFC74B9D
0D3BB27E-7E8E-4A8D-B71A-D107289E2B9D
24BD4B5E-C54B-4274-A68D-F0B0FD3CDB9D
304685F2-ADEE-4DE0-B968-415C88792B9D
9F00EE0B-62B6-4E3D-95DD-6CFF3C2B4B9D
8087C4FB-50AE-4ECF-9065-E87D5BBEAB9D
E1FE825C-7DA6-4D27-96FF-277CAC6B55CE
E1FE825C-7DA6-4D27-96FF-277CAC6B55CE
E1FE825C-7DA6-4D27-96FF-277CAC6B55CE
3EABA1B4-649D-40AF-B84E-7B5930CF5B9D
E1FE825C-7DA6-4D27-96FF-277CAC6B55CE
9D334BF6-2F7A-4B2E-8243-77949C187B9D
E1FE825C-7DA6-4D27-96FF-277CAC6B55CE
0561FD82-F200-47FA-A390-966792CCAB9D
E1FE825C-7DA6-4D27-96FF-277CAC6B55CE
EC223DDA-5973-4952-8DE8-186682C0CB9D
E1FE825C-7DA6-4D27-96FF-277CAC6B55CE
E1FE825C-7DA6-4D27-96FF-277CAC6B55CE
DE639378-9732-495F-86D0-B04ACC348B9D
EC223DDA-5973-4952-8DE8-186682C0CB9D
E1FE825C-7DA6-4D27-96FF-277CAC6B55CE
58027B7D-42E1-442B-AD40-F96432E385CF
ADD8A552-38ED-4870-A78F-F3AD922C75CF
4B263313-46C7-472B-801C-F95B5CE1A5CF
08226812-17E2-4AFB-8673-B43D888135CF
E9B227B8-AC89-48FA-9769-687B211085CF
C969420D-44E3-4504-A29D-1EB4FF3325CF
833A02A0-2241-4E50-9DDD-B551C21DC5CF
8C67CA89-84C6-42EA-AE04-5BEC930C55CF
EFC63F07-38A5-4EAE-A3E4-00F708FF05CF
E1FE825C-7DA6-4D27-96FF-277CAC6B55CE
C15B823C-E58A-41D0-A89C-96F881BE45CF
0F4BA5B4-FF20-4DC3-B343-D2EEE08E55CF
48B25DF3-2E9F-45B2-AC30-E457425FD5CF
22FEDD8D-9D96-4C76-A7A7-84DB747495CF
0A1C9F29-FCC1-4213-9954-009A165555CF
0F238699-8BA6-4398-887B-C956FC1A45CF
52E92C2F-E611-4988-A88D-4D977452A5CF
0F238699-8BA6-4398-887B-C956FC1A45CF
0F238699-8BA6-4398-887B-C956FC1A45CF
E1FE825C-7DA6-4D27-96FF-277CAC6B55CE
E1FE825C-7DA6-4D27-96FF-277CAC6B55CE
E1FE825C-7DA6-4D27-96FF-277CAC6B55CE
E1FE825C-7DA6-4D27-96FF-277CAC6B55CE
35F21BD7-60B8-4A79-8CCC-1A50DFCE5176
B6C8554C-F200-41F9-B223-A60333562176
35F21BD7-60B8-4A79-8CCC-1A50DFCE5176
35F21BD7-60B8-4A79-8CCC-1A50DFCE5176
E1FE825C-7DA6-4D27-96FF-277CAC6B55CE
E1FE825C-7DA6-4D27-96FF-277CAC6B55CE
E1FE825C-7DA6-4D27-96FF-277CAC6B55CE
E1FE825C-7DA6-4D27-96FF-277CAC6B55CE
E1FE825C-7DA6-4D27-96FF-277CAC6B55CE
E1FE825C-7DA6-4D27-96FF-277CAC6B55CE
E1FE825C-7DA6-4D27-96FF-277CAC6B55CE
E1FE825C-7DA6-4D27-96FF-277CAC6B55CE
E1FE825C-7DA6-4D27-96FF-277CAC6B55CE
E1FE825C-7DA6-4D27-96FF-277CAC6B55CE
E1FE825C-7DA6-4D27-96FF-277CAC6B55CE
E1FE825C-7DA6-4D27-96FF-277CAC6B55CE
E1FE825C-7DA6-4D27-96FF-277CAC6B55CE
E1FE825C-7DA6-4D27-96FF-277CAC6B55CE
E1FE825C-7DA6-4D27-96FF-277CAC6B55CE
E1FE825C-7DA6-4D27-96FF-277CAC6B55CE
E1FE825C-7DA6-4D27-96FF-277CAC6B55CE
E1FE825C-7DA6-4D27-96FF-277CAC6B55CE
E1FE825C-7DA6-4D27-96FF-277CAC6B55CE
E1FE825C-7DA6-4D27-96FF-277CAC6B55CE
E1FE825C-7DA6-4D27-96FF-277CAC6B55CE
C81E378C-4955-43E5-9266-FB4C98E9499C
4F61477E-760E-4245-8F2C-0B694CDEE99C
E1FE825C-7DA6-4D27-96FF-277CAC6B55CE
EFB259E6-5962-4451-9BB4-E8E330E5E99C
B9A58E97-EEC0-4D81-B3E2-46ED1CE3699C
E1FE825C-7DA6-4D27-96FF-277CAC6B55CE
E1FE825C-7DA6-4D27-96FF-277CAC6B55CE
E1FE825C-7DA6-4D27-96FF-277CAC6B55CE
DC9C26A0-E70C-4138-9307-8059FB47E99C
E1FE825C-7DA6-4D27-96FF-277CAC6B55CE
873384C4-A071-4BFE-9E52-4B03309A999C
E1FE825C-7DA6-4D27-96FF-277CAC6B55CE
E1FE825C-7DA6-4D27-96FF-277CAC6B55CE
F5037939-AE23-454C-8D89-702821D3F99C
E1FE825C-7DA6-4D27-96FF-277CAC6B55CE
14F4F13C-5761-447E-B402-1BC56D18B99C
E1FE825C-7DA6-4D27-96FF-277CAC6B55CE
4E089B0C-0BB3-490D-AC91-027EC8CB999C
D90DAD56-AC59-4800-A3F9-CDF2174F699C
E5B19186-6401-4FBB-8A3D-F152DE83B99C
4E089B0C-0BB3-490D-AC91-027EC8CB999C
5EE3964F-3863-4A10-9F25-D1506E71399C
4E089B0C-0BB3-490D-AC91-027EC8CB999C
37236419-EB31-4CBD-8123-D36EF7F8199C
8EF8503D-6C34-43B2-B05D-F2907D0FE99C
4E089B0C-0BB3-490D-AC91-027EC8CB999C
4E089B0C-0BB3-490D-AC91-027EC8CB999C
E1FE825C-7DA6-4D27-96FF-277CAC6B55CE
E1FE825C-7DA6-4D27-96FF-277CAC6B55CE
E1FE825C-7DA6-4D27-96FF-277CAC6B55CE
E1FE825C-7DA6-4D27-96FF-277CAC6B55CE
E1FE825C-7DA6-4D27-96FF-277CAC6B55CE
E1FE825C-7DA6-4D27-96FF-277CAC6B55CE
E1FE825C-7DA6-4D27-96FF-277CAC6B55CE
E1FE825C-7DA6-4D27-96FF-277CAC6B55CE
E1FE825C-7DA6-4D27-96FF-277CAC6B55CE
E1FE825C-7DA6-4D27-96FF-277CAC6B55CE
E1FE825C-7DA6-4D27-96FF-277CAC6B55CE
E1FE825C-7DA6-4D27-96FF-277CAC6B55CE
E1FE825C-7DA6-4D27-96FF-277CAC6B55CE
13F96A5B-AA8E-4AB5-BA0E-CD337B83E1A8
8205EC3E-380C-4A0A-AC87-869E26C8D1A8
3F09DA2C-ABCB-4B9C-886E-E16E8AE8B1A8
8205EC3E-380C-4A0A-AC87-869E26C8D1A8
02B4157B-9B0D-4D80-9B16-AD58FC0AC1A8
8205EC3E-380C-4A0A-AC87-869E26C8D1A8
8205EC3E-380C-4A0A-AC87-869E26C8D1A8
E1FE825C-7DA6-4D27-96FF-277CAC6B55CE
E1FE825C-7DA6-4D27-96FF-277CAC6B55CE
E1FE825C-7DA6-4D27-96FF-277CAC6B55CE
E1FE825C-7DA6-4D27-96FF-277CAC6B55CE
E1FE825C-7DA6-4D27-96FF-277CAC6B55CE
E1FE825C-7DA6-4D27-96FF-277CAC6B55CE
E1FE825C-7DA6-4D27-96FF-277CAC6B55CE
E1FE825C-7DA6-4D27-96FF-277CAC6B55CE
E1FE825C-7DA6-4D27-96FF-277CAC6B55CE
E1FE825C-7DA6-4D27-96FF-277CAC6B55CE
E1FE825C-7DA6-4D27-96FF-277CAC6B55CE
E1FE825C-7DA6-4D27-96FF-277CAC6B55CE
E1FE825C-7DA6-4D27-96FF-277CAC6B55CE
E1FE825C-7DA6-4D27-96FF-277CAC6B55CE
E1FE825C-7DA6-4D27-96FF-277CAC6B55CE
E1FE825C-7DA6-4D27-96FF-277CAC6B55CE
E1FE825C-7DA6-4D27-96FF-277CAC6B55CE
E1FE825C-7DA6-4D27-96FF-277CAC6B55CE
E1FE825C-7DA6-4D27-96FF-277CAC6B55CE
E1FE825C-7DA6-4D27-96FF-277CAC6B55CE
E1FE825C-7DA6-4D27-96FF-277CAC6B55CE
E1FE825C-7DA6-4D27-96FF-277CAC6B55CE
B43A6058-A858-4FC3-963E-617795FB8CE4
E1FE825C-7DA6-4D27-96FF-277CAC6B55CE
1D8B6CA8-B4BD-4969-9768-42D99075BCE4
E1FE825C-7DA6-4D27-96FF-277CAC6B55CE
E1FE825C-7DA6-4D27-96FF-277CAC6B55CE
82A8DC57-B108-491B-A826-CC2276449CE4
82A8DC57-B108-491B-A826-CC2276449CE4
E1FE825C-7DA6-4D27-96FF-277CAC6B55CE
E1FE825C-7DA6-4D27-96FF-277CAC6B55CE
E1FE825C-7DA6-4D27-96FF-277CAC6B55CE
E1FE825C-7DA6-4D27-96FF-277CAC6B55CE
E1FE825C-7DA6-4D27-96FF-277CAC6B55CE
E1FE825C-7DA6-4D27-96FF-277CAC6B55CE
E1FE825C-7DA6-4D27-96FF-277CAC6B55CE
E1FE825C-7DA6-4D27-96FF-277CAC6B55CE
70D05191-7D1A-41AA-A2C4-9864DBC6C78B
E1FE825C-7DA6-4D27-96FF-277CAC6B55CE
E1FE825C-7DA6-4D27-96FF-277CAC6B55CE
E1FE825C-7DA6-4D27-96FF-277CAC6B55CE
E1FE825C-7DA6-4D27-96FF-277CAC6B55CE
E1FE825C-7DA6-4D27-96FF-277CAC6B55CE
E1FE825C-7DA6-4D27-96FF-277CAC6B55CE
E1FE825C-7DA6-4D27-96FF-277CAC6B55CE
E1FE825C-7DA6-4D27-96FF-277CAC6B55CE
9698CCEF-2EAB-495A-9AB5-91795B3F678B
9698CCEF-2EAB-495A-9AB5-91795B3F678B
E1FE825C-7DA6-4D27-96FF-277CAC6B55CE
E1FE825C-7DA6-4D27-96FF-277CAC6B55CE
E1FE825C-7DA6-4D27-96FF-277CAC6B55CE
E1FE825C-7DA6-4D27-96FF-277CAC6B55CE
E1FE825C-7DA6-4D27-96FF-277CAC6B55CE
E1FE825C-7DA6-4D27-96FF-277CAC6B55CE
E1FE825C-7DA6-4D27-96FF-277CAC6B55CE
E1FE825C-7DA6-4D27-96FF-277CAC6B55CE
E1FE825C-7DA6-4D27-96FF-277CAC6B55CE
E1FE825C-7DA6-4D27-96FF-277CAC6B55CE
E1FE825C-7DA6-4D27-96FF-277CAC6B55CE
E1FE825C-7DA6-4D27-96FF-277CAC6B55CE
E1FE825C-7DA6-4D27-96FF-277CAC6B55CE
E1FE825C-7DA6-4D27-96FF-277CAC6B55CE
E1FE825C-7DA6-4D27-96FF-277CAC6B55CE
E1FE825C-7DA6-4D27-96FF-277CAC6B55CE
E1FE825C-7DA6-4D27-96FF-277CAC6B55CE
E1FE825C-7DA6-4D27-96FF-277CAC6B55CE
E1FE825C-7DA6-4D27-96FF-277CAC6B55CE
E1FE825C-7DA6-4D27-96FF-277CAC6B55CE
E1FE825C-7DA6-4D27-96FF-277CAC6B55CE
E1FE825C-7DA6-4D27-96FF-277CAC6B55CE
E1FE825C-7DA6-4D27-96FF-277CAC6B55CE
E1FE825C-7DA6-4D27-96FF-277CAC6B55CE
E1FE825C-7DA6-4D27-96FF-277CAC6B55CE
E1FE825C-7DA6-4D27-96FF-277CAC6B55CE
E1FE825C-7DA6-4D27-96FF-277CAC6B55CE
E1FE825C-7DA6-4D27-96FF-277CAC6B55CE
69001616-C005-4521-B8CA-33324D58C00E
E1FE825C-7DA6-4D27-96FF-277CAC6B55CE
A4645EBF-B8A3-497E-8F44-B2865513700E
E4C88F55-9CE3-416F-BB19-964321C3F00E
69001616-C005-4521-B8CA-33324D58C00E
E1FE825C-7DA6-4D27-96FF-277CAC6B55CE
E1FE825C-7DA6-4D27-96FF-277CAC6B55CE
E1FE825C-7DA6-4D27-96FF-277CAC6B55CE
69001616-C005-4521-B8CA-33324D58C00E
8D6D4DD1-3A5E-4B37-8C80-D70D5250600E
69001616-C005-4521-B8CA-33324D58C00E
69001616-C005-4521-B8CA-33324D58C00E
E1FE825C-7DA6-4D27-96FF-277CAC6B55CE
E1FE825C-7DA6-4D27-96FF-277CAC6B55CE
E1FE825C-7DA6-4D27-96FF-277CAC6B55CE
E1FE825C-7DA6-4D27-96FF-277CAC6B55CE
E1FE825C-7DA6-4D27-96FF-277CAC6B55CE
E1FE825C-7DA6-4D27-96FF-277CAC6B55CE
E1FE825C-7DA6-4D27-96FF-277CAC6B55CE
E1FE825C-7DA6-4D27-96FF-277CAC6B55CE
E1FE825C-7DA6-4D27-96FF-277CAC6B55CE
E1FE825C-7DA6-4D27-96FF-277CAC6B55CE
66C4E5C8-CA9D-442C-9328-0D2FF095A373
E1FE825C-7DA6-4D27-96FF-277CAC6B55CE
66C4E5C8-CA9D-442C-9328-0D2FF095A373
5D3FBBE7-F789-4692-BA17-52B11258B373
66C4E5C8-CA9D-442C-9328-0D2FF095A373
CD2299E4-B6C7-4926-A0CA-17131FB8A373
66C4E5C8-CA9D-442C-9328-0D2FF095A373
6689938E-308E-4322-944A-97F38ED05373
E1FE825C-7DA6-4D27-96FF-277CAC6B55CE
66C4E5C8-CA9D-442C-9328-0D2FF095A373
0DBE4BD8-CA64-4614-9745-0BDB7B71F373
66C4E5C8-CA9D-442C-9328-0D2FF095A373
E1FE825C-7DA6-4D27-96FF-277CAC6B55CE
66C4E5C8-CA9D-442C-9328-0D2FF095A373
E1FE825C-7DA6-4D27-96FF-277CAC6B55CE
66C4E5C8-CA9D-442C-9328-0D2FF095A373
E1FE825C-7DA6-4D27-96FF-277CAC6B55CE
78B7F202-CF43-4FB5-9955-30E06ECA5373
E1FE825C-7DA6-4D27-96FF-277CAC6B55CE
66C4E5C8-CA9D-442C-9328-0D2FF095A373
E1E92B9D-0C76-4D23-8347-5A9089615373
9B5AADB8-1A9D-472E-BC36-CF3F84A40373
66C4E5C8-CA9D-442C-9328-0D2FF095A373
6D185032-05CA-4ED2-9B82-3CF5A1358373
66C4E5C8-CA9D-442C-9328-0D2FF095A373
66C4E5C8-CA9D-442C-9328-0D2FF095A373
E1FE825C-7DA6-4D27-96FF-277CAC6B55CE
E1FE825C-7DA6-4D27-96FF-277CAC6B55CE
E1FE825C-7DA6-4D27-96FF-277CAC6B55CE
E1FE825C-7DA6-4D27-96FF-277CAC6B55CE
E1FE825C-7DA6-4D27-96FF-277CAC6B55CE
E1FE825C-7DA6-4D27-96FF-277CAC6B55CE
E1FE825C-7DA6-4D27-96FF-277CAC6B55CE
E1FE825C-7DA6-4D27-96FF-277CAC6B55CE
E1FE825C-7DA6-4D27-96FF-277CAC6B55CE
E1FE825C-7DA6-4D27-96FF-277CAC6B55CE
E1FE825C-7DA6-4D27-96FF-277CAC6B55CE
E1FE825C-7DA6-4D27-96FF-277CAC6B55CE
E1FE825C-7DA6-4D27-96FF-277CAC6B55CE
F46E601E-6F1A-4C5C-812F-8B71D73E3CA0
F46E601E-6F1A-4C5C-812F-8B71D73E3CA0
E1FE825C-7DA6-4D27-96FF-277CAC6B55CE
E1FE825C-7DA6-4D27-96FF-277CAC6B55CE
1D89BF9B-60D9-4287-BCAB-BEEE5D8AFBFD
E1FE825C-7DA6-4D27-96FF-277CAC6B55CE
E1FE825C-7DA6-4D27-96FF-277CAC6B55CE
4706E365-45FE-4207-B22C-B64ED274EBFD
1D89BF9B-60D9-4287-BCAB-BEEE5D8AFBFD
4B260E44-75CB-460C-95F9-4C4D966FFBFD
AC2E55F6-6E19-429E-AA06-E20297E7BBFD
7AD6C1BB-A985-452C-92B0-9799D9FC2BFD
EE492E33-258D-4BCF-9FD0-A76C11BCDBFD
1D89BF9B-60D9-4287-BCAB-BEEE5D8AFBFD
EE492E33-258D-4BCF-9FD0-A76C11BCDBFD
2CA112FA-E72A-4173-A9B8-1B6ED85FABFD
E1FE825C-7DA6-4D27-96FF-277CAC6B55CE
D978AE62-7006-43F7-8517-930420B34BFD
DB5D35CA-FBC1-46DB-A3C1-ABE468688BFD
07262767-05DD-4647-A8AE-8C603D4ABBFD
542094DD-0AC5-43AC-A9DF-FBC344758BFD
2CA112FA-E72A-4173-A9B8-1B6ED85FABFD
925EB2AE-EB5D-448C-8846-32DD6158EBFD
52FF7E61-7411-48EC-8752-0A0733805BFD
925EB2AE-EB5D-448C-8846-32DD6158EBFD
3026429E-9E3E-4C48-9540-E05C2F857BFD
1FC01A6C-FA44-4EFB-A4C2-BF838DA80BFD
925EB2AE-EB5D-448C-8846-32DD6158EBFD
925EB2AE-EB5D-448C-8846-32DD6158EBFD
E1FE825C-7DA6-4D27-96FF-277CAC6B55CE
E1FE825C-7DA6-4D27-96FF-277CAC6B55CE
E1FE825C-7DA6-4D27-96FF-277CAC6B55CE
E1FE825C-7DA6-4D27-96FF-277CAC6B55CE
E1FE825C-7DA6-4D27-96FF-277CAC6B55CE
E1FE825C-7DA6-4D27-96FF-277CAC6B55CE
E1FE825C-7DA6-4D27-96FF-277CAC6B55CE
E1FE825C-7DA6-4D27-96FF-277CAC6B55CE
E1FE825C-7DA6-4D27-96FF-277CAC6B55CE
CF5FBB91-12D9-49FE-9EED-743A3259C6FC
E1FE825C-7DA6-4D27-96FF-277CAC6B55CE
E1FE825C-7DA6-4D27-96FF-277CAC6B55CE
E1FE825C-7DA6-4D27-96FF-277CAC6B55CE
E1FE825C-7DA6-4D27-96FF-277CAC6B55CE
1E870DBB-DF0C-4025-8471-288E28D616FC
EC1B4BAD-F7B0-4B38-9F6C-2CF8132A76FC
6FE6C51E-CAEF-4F72-9174-EB979B1DF6FC
E1FE825C-7DA6-4D27-96FF-277CAC6B55CE
F265EC20-0693-4520-8311-378A8085F6FC
E1FE825C-7DA6-4D27-96FF-277CAC6B55CE
4C9FAA06-7616-4FEE-8FFC-B6FB52B156FC
F265EC20-0693-4520-8311-378A8085F6FC
3C55FC6B-DA2E-4B7B-991A-6CB832F326FC
F265EC20-0693-4520-8311-378A8085F6FC
E1FE825C-7DA6-4D27-96FF-277CAC6B55CE
E1FE825C-7DA6-4D27-96FF-277CAC6B55CE
E1FE825C-7DA6-4D27-96FF-277CAC6B55CE
E1FE825C-7DA6-4D27-96FF-277CAC6B55CE
E1FE825C-7DA6-4D27-96FF-277CAC6B55CE
E1FE825C-7DA6-4D27-96FF-277CAC6B55CE
E1FE825C-7DA6-4D27-96FF-277CAC6B55CE
E1FE825C-7DA6-4D27-96FF-277CAC6B55CE
E1FE825C-7DA6-4D27-96FF-277CAC6B55CE
E1FE825C-7DA6-4D27-96FF-277CAC6B55CE
E1FE825C-7DA6-4D27-96FF-277CAC6B55CE
E1FE825C-7DA6-4D27-96FF-277CAC6B55CE
E1FE825C-7DA6-4D27-96FF-277CAC6B55CE
BA22972B-8094-4E92-A1C8-D1CEA28BD710
BA22972B-8094-4E92-A1C8-D1CEA28BD710
E1FE825C-7DA6-4D27-96FF-277CAC6B55CE
E1FE825C-7DA6-4D27-96FF-277CAC6B55CE
E1FE825C-7DA6-4D27-96FF-277CAC6B55CE
E1FE825C-7DA6-4D27-96FF-277CAC6B55CE
E1FE825C-7DA6-4D27-96FF-277CAC6B55CE
E1FE825C-7DA6-4D27-96FF-277CAC6B55CE
E1FE825C-7DA6-4D27-96FF-277CAC6B55CE
E1FE825C-7DA6-4D27-96FF-277CAC6B55CE
E1FE825C-7DA6-4D27-96FF-277CAC6B55CE
E1FE825C-7DA6-4D27-96FF-277CAC6B55CE
E1FE825C-7DA6-4D27-96FF-277CAC6B55CE
E1FE825C-7DA6-4D27-96FF-277CAC6B55CE
E1FE825C-7DA6-4D27-96FF-277CAC6B55CE
E1FE825C-7DA6-4D27-96FF-277CAC6B55CE
E1FE825C-7DA6-4D27-96FF-277CAC6B55CE
E1FE825C-7DA6-4D27-96FF-277CAC6B55CE
E1FE825C-7DA6-4D27-96FF-277CAC6B55CE
E1FE825C-7DA6-4D27-96FF-277CAC6B55CE
2D16E88C-232A-496B-959C-E81A257DC51B
E1FE825C-7DA6-4D27-96FF-277CAC6B55CE
E1FE825C-7DA6-4D27-96FF-277CAC6B55CE
47F9DF6A-2D6E-487C-BBA6-CAE91687451B
05ED95FA-2EA9-48AD-B539-385BB303751B
901157CF-6F20-41D0-8BEF-40E1C1CDD51B
E1FE825C-7DA6-4D27-96FF-277CAC6B55CE
E1FE825C-7DA6-4D27-96FF-277CAC6B55CE
E1FE825C-7DA6-4D27-96FF-277CAC6B55CE
E1FE825C-7DA6-4D27-96FF-277CAC6B55CE
E1FE825C-7DA6-4D27-96FF-277CAC6B55CE
E1FE825C-7DA6-4D27-96FF-277CAC6B55CE
E1FE825C-7DA6-4D27-96FF-277CAC6B55CE
E1FE825C-7DA6-4D27-96FF-277CAC6B55CE
E1FE825C-7DA6-4D27-96FF-277CAC6B55CE
E1FE825C-7DA6-4D27-96FF-277CAC6B55CE
E1FE825C-7DA6-4D27-96FF-277CAC6B55CE
E1FE825C-7DA6-4D27-96FF-277CAC6B55CE
FDB76C20-14CF-46B4-A144-A76747BFD51B
B970D167-6205-474B-9074-B9EDAEB2351B
E1FE825C-7DA6-4D27-96FF-277CAC6B55CE
D2183347-3C79-46CE-9986-927561FC451B
AD41A3D0-03F3-4E23-8B4E-1AD35680651B
09DEDFAD-8BBB-4CF1-9203-EAB619D9D51B
E1FE825C-7DA6-4D27-96FF-277CAC6B55CE
98190D9F-56C0-4B68-B04C-B03CE4D6D51B
E1FE825C-7DA6-4D27-96FF-277CAC6B55CE
D4FADD40-651B-4DDA-99AB-B541E1D2051B
94B948AE-9C2F-4F20-9C96-7BD819FC551B
E1FE825C-7DA6-4D27-96FF-277CAC6B55CE
E1FE825C-7DA6-4D27-96FF-277CAC6B55CE
875038B1-9819-41C5-8294-F4D87331451B
866E9B82-4BFC-46ED-B928-CFFD6853851B
FDB76C20-14CF-46B4-A144-A76747BFD51B
E1FE825C-7DA6-4D27-96FF-277CAC6B55CE
E1FE825C-7DA6-4D27-96FF-277CAC6B55CE
E1FE825C-7DA6-4D27-96FF-277CAC6B55CE
FDB76C20-14CF-46B4-A144-A76747BFD51B
E1FE825C-7DA6-4D27-96FF-277CAC6B55CE
E1FE825C-7DA6-4D27-96FF-277CAC6B55CE
1DBF27B5-E3F5-439C-8DE1-73A352E1851B
6404226B-7379-4C96-B854-3E2E4414151B
E1FE825C-7DA6-4D27-96FF-277CAC6B55CE
EE34ED4B-8FA0-44B9-83A8-005DAF61151B
FDB76C20-14CF-46B4-A144-A76747BFD51B
E1FE825C-7DA6-4D27-96FF-277CAC6B55CE
E1FE825C-7DA6-4D27-96FF-277CAC6B55CE
E2E90918-9AA5-4A64-90F7-8AFFAFF6951B
0A2E995D-EA46-4492-8944-7B12FC78551B
E2102607-3B16-43E5-86D3-7D0FC9CD851B
FDB76C20-14CF-46B4-A144-A76747BFD51B
E856CE6E-40E6-4242-8EE5-801BF3F1B51B
E6D932CD-FB28-4909-80CD-55A37635751B
2EB35FCA-1C49-467B-8D50-9E962CE8C51B
EB43C0E8-70BD-4BAD-9F6A-89DD4A4F651B
E1FE825C-7DA6-4D27-96FF-277CAC6B55CE
475D82EB-794B-41B1-84BB-7E7CB8B2551B
66427D59-3AD3-428D-877F-CC537815051B
A0B9C70A-4F71-49DA-BB08-16D4B59EA51B
E1FE825C-7DA6-4D27-96FF-277CAC6B55CE
E1FE825C-7DA6-4D27-96FF-277CAC6B55CE
20C15855-7264-4235-8FBA-E4C9ECF6851B
19AF38BB-4A4F-44EB-85BF-BAC8096F451B
FDB76C20-14CF-46B4-A144-A76747BFD51B
E0FC178F-6D91-408B-983A-39DB345E551B
E1FE825C-7DA6-4D27-96FF-277CAC6B55CE
E1FE825C-7DA6-4D27-96FF-277CAC6B55CE
9E98C585-5CB4-4B06-9273-8D5F1B78451B
61FA6F13-794A-4DE1-8283-C0357505751B
FDB76C20-14CF-46B4-A144-A76747BFD51B
FDB76C20-14CF-46B4-A144-A76747BFD51B
E1FE825C-7DA6-4D27-96FF-277CAC6B55CE
E1FE825C-7DA6-4D27-96FF-277CAC6B55CE
E1FE825C-7DA6-4D27-96FF-277CAC6B55CE
E1FE825C-7DA6-4D27-96FF-277CAC6B55CE
E1FE825C-7DA6-4D27-96FF-277CAC6B55CE
E1FE825C-7DA6-4D27-96FF-277CAC6B55CE
E1FE825C-7DA6-4D27-96FF-277CAC6B55CE
E1FE825C-7DA6-4D27-96FF-277CAC6B55CE
E1FE825C-7DA6-4D27-96FF-277CAC6B55CE
E1FE825C-7DA6-4D27-96FF-277CAC6B55CE
E1FE825C-7DA6-4D27-96FF-277CAC6B55CE
E1FE825C-7DA6-4D27-96FF-277CAC6B55CE
E1FE825C-7DA6-4D27-96FF-277CAC6B55CE
E1FE825C-7DA6-4D27-96FF-277CAC6B55CE
E1FE825C-7DA6-4D27-96FF-277CAC6B55CE
E1FE825C-7DA6-4D27-96FF-277CAC6B55CE
3195B21D-F253-4D60-A944-F606B5C882D5
E1FE825C-7DA6-4D27-96FF-277CAC6B55CE
03B1F09C-2E29-4CBB-A2B3-F418802E82D5
1858A1DC-EA65-40E3-BC77-DAD0766392D5
F2D90D6F-285F-4B0E-96C9-3A53CB2FD2D5
ED5B579C-99D0-4FCF-8090-46001E4E02D5
03B1F09C-2E29-4CBB-A2B3-F418802E82D5
03B1F09C-2E29-4CBB-A2B3-F418802E82D5
E1FE825C-7DA6-4D27-96FF-277CAC6B55CE
E1FE825C-7DA6-4D27-96FF-277CAC6B55CE
E1FE825C-7DA6-4D27-96FF-277CAC6B55CE
E1FE825C-7DA6-4D27-96FF-277CAC6B55CE
E1FE825C-7DA6-4D27-96FF-277CAC6B55CE
E1FE825C-7DA6-4D27-96FF-277CAC6B55CE
E1FE825C-7DA6-4D27-96FF-277CAC6B55CE
E1FE825C-7DA6-4D27-96FF-277CAC6B55CE
E1FE825C-7DA6-4D27-96FF-277CAC6B55CE
ED91B1FB-9D5D-4E1C-A374-682578F3266E
539F64B5-41FD-4161-AB57-D4C919A2166E
E1FE825C-7DA6-4D27-96FF-277CAC6B55CE
E1FE825C-7DA6-4D27-96FF-277CAC6B55CE
E1FE825C-7DA6-4D27-96FF-277CAC6B55CE
6AF69924-69B1-4C64-955C-88B821E7266E
AE7A93EE-572E-469B-AEC7-A96DC109866E
E82278CE-2EAF-4CA7-A2B2-044E83BD766E
6AF69924-69B1-4C64-955C-88B821E7266E
6AF69924-69B1-4C64-955C-88B821E7266E
E1FE825C-7DA6-4D27-96FF-277CAC6B55CE
E1FE825C-7DA6-4D27-96FF-277CAC6B55CE
CD817429-AD65-4AFC-B1CE-AA64C889B75A
CD817429-AD65-4AFC-B1CE-AA64C889B75A
E1FE825C-7DA6-4D27-96FF-277CAC6B55CE
E1FE825C-7DA6-4D27-96FF-277CAC6B55CE
E1FE825C-7DA6-4D27-96FF-277CAC6B55CE
E1FE825C-7DA6-4D27-96FF-277CAC6B55CE
E1FE825C-7DA6-4D27-96FF-277CAC6B55CE
E1FE825C-7DA6-4D27-96FF-277CAC6B55CE
E1FE825C-7DA6-4D27-96FF-277CAC6B55CE
E1FE825C-7DA6-4D27-96FF-277CAC6B55CE
E1FE825C-7DA6-4D27-96FF-277CAC6B55CE
E1FE825C-7DA6-4D27-96FF-277CAC6B55CE
E1FE825C-7DA6-4D27-96FF-277CAC6B55CE
E1FE825C-7DA6-4D27-96FF-277CAC6B55CE
E1FE825C-7DA6-4D27-96FF-277CAC6B55CE
E1FE825C-7DA6-4D27-96FF-277CAC6B55CE
E1FE825C-7DA6-4D27-96FF-277CAC6B55CE
E1FE825C-7DA6-4D27-96FF-277CAC6B55CE
E1FE825C-7DA6-4D27-96FF-277CAC6B55CE
1F4DCD0C-B5CE-4580-B6A4-B866471C27CC
4C747DD5-704D-4304-A83B-F38EFCC857CC
46D229F1-452B-4B50-AC26-B0BDA115F7CC
E1FE825C-7DA6-4D27-96FF-277CAC6B55CE
4ED70D5F-027B-422C-A8C3-E999FFFFD7CC
AA9A47DA-5A12-4F5E-BD93-4571472F27CC
314E28CC-0B01-4255-9DE8-0219F821A7CC
D2511ADD-52A4-40FE-B328-22E5708077CC
9E8A06FE-BB31-4918-8E96-E13D681667CC
5B938F4A-CA0B-48AA-ACDA-9592F3D277CC
D2511ADD-52A4-40FE-B328-22E5708077CC
6030615D-6770-5664-807B-B99BA9BF01AC
E1FE825C-7DA6-4D27-96FF-277CAC6B55CE
E1FE825C-7DA6-4D27-96FF-277CAC6B55CE
E1FE825C-7DA6-4D27-96FF-277CAC6B55CE
E1FE825C-7DA6-4D27-96FF-277CAC6B55CE
E1FE825C-7DA6-4D27-96FF-277CAC6B55CE
E1FE825C-7DA6-4D27-96FF-277CAC6B55CE
E1FE825C-7DA6-4D27-96FF-277CAC6B55CE
E1FE825C-7DA6-4D27-96FF-277CAC6B55CE
E1FE825C-7DA6-4D27-96FF-277CAC6B55CE
E1FE825C-7DA6-4D27-96FF-277CAC6B55CE
E1FE825C-7DA6-4D27-96FF-277CAC6B55CE
E1FE825C-7DA6-4D27-96FF-277CAC6B55CE
E1FE825C-7DA6-4D27-96FF-277CAC6B55CE
E1FE825C-7DA6-4D27-96FF-277CAC6B55CE
E1FE825C-7DA6-4D27-96FF-277CAC6B55CE
6030615D-6770-5664-807B-B99BA9BF01AC
6D1C237C-1D5D-59A0-8860-96D83E46A06B
E1FE825C-7DA6-4D27-96FF-277CAC6B55CE
E1FE825C-7DA6-4D27-96FF-277CAC6B55CE
E1FE825C-7DA6-4D27-96FF-277CAC6B55CE
E1FE825C-7DA6-4D27-96FF-277CAC6B55CE
E1FE825C-7DA6-4D27-96FF-277CAC6B55CE
E1FE825C-7DA6-4D27-96FF-277CAC6B55CE
E1FE825C-7DA6-4D27-96FF-277CAC6B55CE
E1FE825C-7DA6-4D27-96FF-277CAC6B55CE
E1FE825C-7DA6-4D27-96FF-277CAC6B55CE
E1FE825C-7DA6-4D27-96FF-277CAC6B55CE
E1FE825C-7DA6-4D27-96FF-277CAC6B55CE
E1FE825C-7DA6-4D27-96FF-277CAC6B55CE
E1FE825C-7DA6-4D27-96FF-277CAC6B55CE
E1FE825C-7DA6-4D27-96FF-277CAC6B55CE
E1FE825C-7DA6-4D27-96FF-277CAC6B55CE
E1FE825C-7DA6-4D27-96FF-277CAC6B55CE
E1FE825C-7DA6-4D27-96FF-277CAC6B55CE
E1FE825C-7DA6-4D27-96FF-277CAC6B55CE
6D1C237C-1D5D-59A0-8860-96D83E46A06B
E1FE825C-7DA6-4D27-96FF-277CAC6B55CE
6D1C237C-1D5D-59A0-8860-96D83E46A06B
E1FE825C-7DA6-4D27-96FF-277CAC6B55CE
6D1C237C-1D5D-59A0-8860-96D83E46A06B
E1FE825C-7DA6-4D27-96FF-277CAC6B55CE
6D1C237C-1D5D-59A0-8860-96D83E46A06B
E1FE825C-7DA6-4D27-96FF-277CAC6B55CE
6D1C237C-1D5D-59A0-8860-96D83E46A06B
E1FE825C-7DA6-4D27-96FF-277CAC6B55CE
6D1C237C-1D5D-59A0-8860-96D83E46A06B
E1FE825C-7DA6-4D27-96FF-277CAC6B55CE
6D1C237C-1D5D-59A0-8860-96D83E46A06B
2B86BBD7-99E1-5CA5-9310-AD0969ED9F4B
E1FE825C-7DA6-4D27-96FF-277CAC6B55CE
E1FE825C-7DA6-4D27-96FF-277CAC6B55CE
E1FE825C-7DA6-4D27-96FF-277CAC6B55CE
E1FE825C-7DA6-4D27-96FF-277CAC6B55CE
E1FE825C-7DA6-4D27-96FF-277CAC6B55CE
E1FE825C-7DA6-4D27-96FF-277CAC6B55CE
E1FE825C-7DA6-4D27-96FF-277CAC6B55CE
E1FE825C-7DA6-4D27-96FF-277CAC6B55CE
E1FE825C-7DA6-4D27-96FF-277CAC6B55CE
E1FE825C-7DA6-4D27-96FF-277CAC6B55CE
E1FE825C-7DA6-4D27-96FF-277CAC6B55CE
E1FE825C-7DA6-4D27-96FF-277CAC6B55CE
